<?xml version="1.0" encoding="UTF-8"?>
<!-- Generated by org.testng.reporters.JUnitXMLReporter -->
<testsuite hostname="Optium-PC" ignored="1" name="Default test" tests="4" failures="0" timestamp="20 oct. 2018 08:48:21 GMT" time="0.086" errors="0">
  <testcase name="MobileLogincarLoan" time="0.008" classname="test.day3"/>
  <testcase name="MobilesignoutcarLoan" time="0.017" classname="test.day3"/>
  <testcase name="WebloginCarLoan" time="0.002" classname="test.day3"/>
  <testcase name="APIcarLoan" time="0.003" classname="test.day3"/>
  <testcase name="MobilesignincarLoan" time="0.0" classname="test.day3">
    <ignored/>
  </testcase> <!-- MobilesignincarLoan -->
</testsuite> <!-- Default test -->
