<?xml version="1.0" encoding="UTF-8"?>
<!-- Generated by org.testng.reporters.JUnitXMLReporter -->
<testsuite hostname="Optium-PC" ignored="2" name="Car Loan" tests="5" failures="0" timestamp="20 oct. 2018 09:10:40 GMT" time="0.06" errors="0">
  <testcase name="MobileLogincarLoan" time="0.003" classname="test.day3"/>
  <testcase name="MobilesignoutcarLoan" time="0.018" classname="test.day3"/>
  <testcase name="MobilesignoutcarLoan" time="0.003" classname="test.day3"/>
  <testcase name="MobilesignoutcarLoan" time="0.003" classname="test.day3"/>
  <testcase name="WebloginCarLoan" time="0.002" classname="test.day3"/>
  <testcase name="APIcarLoan" time="0.0" classname="test.day3">
    <ignored/>
  </testcase> <!-- APIcarLoan -->
  <testcase name="MobilesignincarLoan" time="0.0" classname="test.day3">
    <ignored/>
  </testcase> <!-- MobilesignincarLoan -->
</testsuite> <!-- Car Loan -->
