<?xml version="1.0" encoding="UTF-8"?>
<!-- Generated by org.testng.reporters.JUnitXMLReporter -->
<testsuite hostname="Optium-PC" ignored="0" name="Car Loan" tests="5" failures="0" timestamp="20 oct. 2018 06:26:35 GMT" time="0.028" errors="0">
  <testcase name="LoginAPIcarLoan" time="0.002" classname="test.day3"/>
  <testcase name="MobileLogincarLoan" time="0.002" classname="test.day3"/>
  <testcase name="MobilesignincarLoan" time="0.001" classname="test.day3"/>
  <testcase name="MobilesignoutcarLoan" time="0.002" classname="test.day3"/>
  <testcase name="WebLogincarLoan" time="0.002" classname="test.day3"/>
</testsuite> <!-- Car Loan -->
