<?xml version="1.0" encoding="UTF-8"?>
<!-- Generated by org.testng.reporters.JUnitXMLReporter -->
<testsuite hostname="Optium-PC" ignored="0" name="Personal Loan" tests="11" failures="0" timestamp="19 oct. 2018 21:14:03 GMT" time="0.144" errors="0">
  <testcase name="Demo" time="0.017" classname="test.day1"/>
  <testcase name="SecondTest" time="0.008" classname="test.day1"/>
  <testcase name="ploan" time="0.003" classname="test.day2"/>
  <testcase name="LoginAPIcarLoan" time="0.002" classname="test.day3"/>
  <testcase name="MobileLogincarLoan" time="0.001" classname="test.day3"/>
  <testcase name="MobilesignincarLoan" time="0.001" classname="test.day3"/>
  <testcase name="MobilesignoutcarLoan" time="0.001" classname="test.day3"/>
  <testcase name="WebLogincarLoan" time="0.002" classname="test.day3"/>
  <testcase name="APIHomeLoan" time="0.006" classname="test.day4"/>
  <testcase name="MobileLoginHomeLoan" time="0.002" classname="test.day4"/>
  <testcase name="WebLoginHomeLoan" time="0.001" classname="test.day4"/>
</testsuite> <!-- Personal Loan -->
