<?xml version="1.0" encoding="UTF-8"?>
<!-- Generated by org.testng.reporters.JUnitXMLReporter -->
<testsuite hostname="Optium-PC" ignored="1" name="Personal Loan" tests="5" failures="0" timestamp="20 oct. 2018 06:10:37 GMT" time="0.088" errors="0">
  <testcase name="Demo" time="0.018" classname="test.day1"/>
  <testcase name="ploan" time="0.002" classname="test.day2"/>
  <testcase name="APIHomeLoan" time="0.002" classname="test.day4"/>
  <testcase name="MobileLoginHomeLoan" time="0.002" classname="test.day4"/>
  <testcase name="WebLoginHomeLoan" time="0.004" classname="test.day4"/>
  <testcase name="SecondTest" time="0.0" classname="test.day1">
    <ignored/>
  </testcase> <!-- SecondTest -->
</testsuite> <!-- Personal Loan -->
