<?xml version="1.0" encoding="UTF-8"?>
<!-- Generated by org.testng.reporters.JUnitXMLReporter -->
<testsuite hostname="Optium-PC" ignored="8" name="TestRegression" tests="3" failures="0" timestamp="20 oct. 2018 06:21:46 GMT" time="0.11" errors="0">
  <testcase name="ploan" time="0.016" classname="test.day2"/>
  <testcase name="MobileLoginHomeLoan" time="0.002" classname="test.day4"/>
  <testcase name="MobileLogincarLoan" time="0.007" classname="test.day3"/>
  <testcase name="LoginAPIcarLoan" time="0.0" classname="test.day3">
    <ignored/>
  </testcase> <!-- LoginAPIcarLoan -->
  <testcase name="WebLoginHomeLoan" time="0.0" classname="test.day4">
    <ignored/>
  </testcase> <!-- WebLoginHomeLoan -->
  <testcase name="MobilesignoutcarLoan" time="0.0" classname="test.day3">
    <ignored/>
  </testcase> <!-- MobilesignoutcarLoan -->
  <testcase name="SecondTest" time="0.0" classname="test.day1">
    <ignored/>
  </testcase> <!-- SecondTest -->
  <testcase name="APIHomeLoan" time="0.0" classname="test.day4">
    <ignored/>
  </testcase> <!-- APIHomeLoan -->
  <testcase name="WebLogincarLoan" time="0.0" classname="test.day3">
    <ignored/>
  </testcase> <!-- WebLogincarLoan -->
  <testcase name="Demo" time="0.0" classname="test.day1">
    <ignored/>
  </testcase> <!-- Demo -->
  <testcase name="MobilesignincarLoan" time="0.0" classname="test.day3">
    <ignored/>
  </testcase> <!-- MobilesignincarLoan -->
</testsuite> <!-- TestRegression -->
