<?xml version="1.0" encoding="UTF-8"?>
<testng-results skipped="0" failed="1" ignored="3" total="13" passed="9">
  <reporter-output>
  </reporter-output>
  <suite name="Loan Department" duration-ms="209" started-at="2018-10-20T09:29:56Z" finished-at="2018-10-20T09:29:56Z">
    <groups>
      <group name="Smoke">
        <method signature="day2.ploan()[pri:0, instance:test.day2@193948d]" name="ploan" class="test.day2"/>
        <method signature="day4.MobileLoginHomeLoan()[pri:0, instance:test.day4@23a2f9]" name="MobileLoginHomeLoan" class="test.day4"/>
        <method signature="day3.MobileLogincarLoan()[pri:0, instance:test.day3@11161c7]" name="MobileLogincarLoan" class="test.day3"/>
      </group> <!-- Smoke -->
    </groups>
    <test name="Personal Loan" duration-ms="88" started-at="2018-10-20T09:29:56Z" finished-at="2018-10-20T09:29:56Z">
      <class name="test.day4">
        <test-method status="PASS" signature="APIHomeLoan()[pri:0, instance:test.day4@23a2f9]" name="APIHomeLoan" duration-ms="2" started-at="2018-10-20T09:29:56Z" finished-at="2018-10-20T09:29:56Z">
          <reporter-output>
          </reporter-output>
        </test-method> <!-- APIHomeLoan -->
        <test-method status="PASS" signature="MobileLoginHomeLoan()[pri:0, instance:test.day4@23a2f9]" name="MobileLoginHomeLoan" duration-ms="2" started-at="2018-10-20T09:29:56Z" finished-at="2018-10-20T09:29:56Z">
          <reporter-output>
          </reporter-output>
        </test-method> <!-- MobileLoginHomeLoan -->
        <test-method status="PASS" signature="WebloginHomeLoan(java.lang.String)[pri:0, instance:test.day4@23a2f9]" name="WebloginHomeLoan" duration-ms="2" started-at="2018-10-20T09:29:56Z" finished-at="2018-10-20T09:29:56Z">
          <params>
            <param index="0">
              <value>
                <![CDATA[jeffartpersonalloan.com]]>
              </value>
            </param>
          </params>
          <reporter-output>
          </reporter-output>
        </test-method> <!-- WebloginHomeLoan -->
      </class> <!-- test.day4 -->
      <class name="test.day2">
        <test-method status="PASS" signature="prerequiste()[pri:0, instance:test.day2@193948d]" name="prerequiste" is-config="true" duration-ms="0" started-at="2018-10-20T09:29:56Z" finished-at="2018-10-20T09:29:56Z">
          <reporter-output>
          </reporter-output>
        </test-method> <!-- prerequiste -->
        <test-method status="PASS" signature="ploan()[pri:0, instance:test.day2@193948d]" name="ploan" duration-ms="2" started-at="2018-10-20T09:29:56Z" finished-at="2018-10-20T09:29:56Z">
          <reporter-output>
          </reporter-output>
        </test-method> <!-- ploan -->
      </class> <!-- test.day2 -->
      <class name="test.day1">
        <test-method status="FAIL" signature="Demo()[pri:0, instance:test.day1@1604f19]" name="Demo" duration-ms="22" started-at="2018-10-20T09:29:56Z" finished-at="2018-10-20T09:29:56Z">
          <exception class="java.lang.AssertionError">
            <message>
              <![CDATA[expected [true] but found [false]]]>
            </message>
            <full-stacktrace>
              <![CDATA[java.lang.AssertionError: expected [true] but found [false]
at org.testng.Assert.fail(Assert.java:96)
at org.testng.Assert.failNotEquals(Assert.java:776)
at org.testng.Assert.assertTrue(Assert.java:44)
at org.testng.Assert.assertTrue(Assert.java:54)
at test.day1.Demo(day1.java:20)
at sun.reflect.NativeMethodAccessorImpl.invoke0(Native Method)
at sun.reflect.NativeMethodAccessorImpl.invoke(Unknown Source)
at sun.reflect.DelegatingMethodAccessorImpl.invoke(Unknown Source)
at java.lang.reflect.Method.invoke(Unknown Source)
at org.testng.internal.MethodInvocationHelper.invokeMethod(MethodInvocationHelper.java:124)
at org.testng.internal.Invoker.invokeMethod(Invoker.java:580)
at org.testng.internal.Invoker.invokeTestMethod(Invoker.java:716)
at org.testng.internal.Invoker.invokeTestMethods(Invoker.java:988)
at org.testng.internal.TestMethodWorker.invokeTestMethods(TestMethodWorker.java:125)
at org.testng.internal.TestMethodWorker.run(TestMethodWorker.java:109)
at org.testng.TestRunner.privateRun(TestRunner.java:648)
at org.testng.TestRunner.run(TestRunner.java:505)
at org.testng.SuiteRunner.runTest(SuiteRunner.java:455)
at org.testng.SuiteRunner.runSequentially(SuiteRunner.java:450)
at org.testng.SuiteRunner.privateRun(SuiteRunner.java:415)
at org.testng.SuiteRunner.run(SuiteRunner.java:364)
at org.testng.SuiteRunnerWorker.runSuite(SuiteRunnerWorker.java:52)
at org.testng.SuiteRunnerWorker.run(SuiteRunnerWorker.java:84)
at org.testng.TestNG.runSuitesSequentially(TestNG.java:1208)
at org.testng.TestNG.runSuitesLocally(TestNG.java:1137)
at org.testng.TestNG.runSuites(TestNG.java:1049)
at org.testng.TestNG.run(TestNG.java:1017)
at org.testng.remote.AbstractRemoteTestNG.run(AbstractRemoteTestNG.java:114)
at org.testng.remote.RemoteTestNG.initAndRun(RemoteTestNG.java:251)
at org.testng.remote.RemoteTestNG.main(RemoteTestNG.java:77)
]]>
            </full-stacktrace>
          </exception> <!-- java.lang.AssertionError -->
          <reporter-output>
          </reporter-output>
        </test-method> <!-- Demo -->
        <test-method status="PASS" signature="lastexecution()[pri:0, instance:test.day1@1604f19]" name="lastexecution" is-config="true" duration-ms="0" started-at="2018-10-20T09:29:56Z" finished-at="2018-10-20T09:29:56Z">
          <reporter-output>
          </reporter-output>
        </test-method> <!-- lastexecution -->
      </class> <!-- test.day1 -->
    </test> <!-- Personal Loan -->
    <test name="Car Loan" duration-ms="60" started-at="2018-10-20T09:29:56Z" finished-at="2018-10-20T09:29:56Z">
      <class name="test.day3">
        <test-method status="PASS" signature="Bfsuite()[pri:0, instance:test.day3@11161c7]" name="Bfsuite" is-config="true" duration-ms="19" started-at="2018-10-20T09:29:56Z" finished-at="2018-10-20T09:29:56Z">
          <reporter-output>
          </reporter-output>
        </test-method> <!-- Bfsuite -->
        <test-method status="PASS" signature="beforeClass()[pri:0, instance:test.day3@11161c7]" name="beforeClass" is-config="true" duration-ms="0" started-at="2018-10-20T09:29:56Z" finished-at="2018-10-20T09:29:56Z">
          <reporter-output>
          </reporter-output>
        </test-method> <!-- beforeClass -->
        <test-method status="PASS" signature="beforeEveryMethod()[pri:0, instance:test.day3@11161c7]" name="beforeEveryMethod" is-config="true" duration-ms="0" started-at="2018-10-20T09:29:56Z" finished-at="2018-10-20T09:29:56Z">
          <reporter-output>
          </reporter-output>
        </test-method> <!-- beforeEveryMethod -->
        <test-method status="PASS" signature="MobileLogincarLoan()[pri:0, instance:test.day3@11161c7]" name="MobileLogincarLoan" duration-ms="1" started-at="2018-10-20T09:29:56Z" finished-at="2018-10-20T09:29:56Z">
          <reporter-output>
          </reporter-output>
        </test-method> <!-- MobileLogincarLoan -->
        <test-method status="PASS" signature="afterEveryMethod()[pri:0, instance:test.day3@11161c7]" name="afterEveryMethod" is-config="true" duration-ms="0" started-at="2018-10-20T09:29:56Z" finished-at="2018-10-20T09:29:56Z">
          <reporter-output>
          </reporter-output>
        </test-method> <!-- afterEveryMethod -->
        <test-method status="PASS" signature="beforeEveryMethod()[pri:0, instance:test.day3@11161c7]" name="beforeEveryMethod" is-config="true" duration-ms="0" started-at="2018-10-20T09:29:56Z" finished-at="2018-10-20T09:29:56Z">
          <reporter-output>
          </reporter-output>
        </test-method> <!-- beforeEveryMethod -->
        <test-method status="PASS" signature="MobilesignoutcarLoan(java.lang.String, java.lang.String)[pri:0, instance:test.day3@11161c7]" name="MobilesignoutcarLoan" duration-ms="12" started-at="2018-10-20T09:29:56Z" data-provider="getData" finished-at="2018-10-20T09:29:56Z">
          <params>
            <param index="0">
              <value>
                <![CDATA[firstsetusername]]>
              </value>
            </param>
            <param index="1">
              <value>
                <![CDATA[firstpassword]]>
              </value>
            </param>
          </params>
          <reporter-output>
          </reporter-output>
        </test-method> <!-- MobilesignoutcarLoan -->
        <test-method status="PASS" signature="afterEveryMethod()[pri:0, instance:test.day3@11161c7]" name="afterEveryMethod" is-config="true" duration-ms="2" started-at="2018-10-20T09:29:56Z" finished-at="2018-10-20T09:29:56Z">
          <reporter-output>
          </reporter-output>
        </test-method> <!-- afterEveryMethod -->
        <test-method status="PASS" signature="beforeEveryMethod()[pri:0, instance:test.day3@11161c7]" name="beforeEveryMethod" is-config="true" duration-ms="0" started-at="2018-10-20T09:29:56Z" finished-at="2018-10-20T09:29:56Z">
          <reporter-output>
          </reporter-output>
        </test-method> <!-- beforeEveryMethod -->
        <test-method status="PASS" signature="MobilesignoutcarLoan(java.lang.String, java.lang.String)[pri:0, instance:test.day3@11161c7]" name="MobilesignoutcarLoan" duration-ms="3" started-at="2018-10-20T09:29:56Z" data-provider="getData" finished-at="2018-10-20T09:29:56Z">
          <params>
            <param index="0">
              <value>
                <![CDATA[secondsetusername]]>
              </value>
            </param>
            <param index="1">
              <value>
                <![CDATA[secondpassword]]>
              </value>
            </param>
          </params>
          <reporter-output>
          </reporter-output>
        </test-method> <!-- MobilesignoutcarLoan -->
        <test-method status="PASS" signature="afterEveryMethod()[pri:0, instance:test.day3@11161c7]" name="afterEveryMethod" is-config="true" duration-ms="0" started-at="2018-10-20T09:29:56Z" finished-at="2018-10-20T09:29:56Z">
          <reporter-output>
          </reporter-output>
        </test-method> <!-- afterEveryMethod -->
        <test-method status="PASS" signature="beforeEveryMethod()[pri:0, instance:test.day3@11161c7]" name="beforeEveryMethod" is-config="true" duration-ms="1" started-at="2018-10-20T09:29:56Z" finished-at="2018-10-20T09:29:56Z">
          <reporter-output>
          </reporter-output>
        </test-method> <!-- beforeEveryMethod -->
        <test-method status="PASS" signature="MobilesignoutcarLoan(java.lang.String, java.lang.String)[pri:0, instance:test.day3@11161c7]" name="MobilesignoutcarLoan" duration-ms="3" started-at="2018-10-20T09:29:56Z" data-provider="getData" finished-at="2018-10-20T09:29:56Z">
          <params>
            <param index="0">
              <value>
                <![CDATA[thirdsetusername]]>
              </value>
            </param>
            <param index="1">
              <value>
                <![CDATA[thirdpassword]]>
              </value>
            </param>
          </params>
          <reporter-output>
          </reporter-output>
        </test-method> <!-- MobilesignoutcarLoan -->
        <test-method status="PASS" signature="afterEveryMethod()[pri:0, instance:test.day3@11161c7]" name="afterEveryMethod" is-config="true" duration-ms="0" started-at="2018-10-20T09:29:56Z" finished-at="2018-10-20T09:29:56Z">
          <reporter-output>
          </reporter-output>
        </test-method> <!-- afterEveryMethod -->
        <test-method status="PASS" signature="beforeEveryMethod()[pri:0, instance:test.day3@11161c7]" name="beforeEveryMethod" is-config="true" duration-ms="6" started-at="2018-10-20T09:29:56Z" finished-at="2018-10-20T09:29:56Z">
          <reporter-output>
          </reporter-output>
        </test-method> <!-- beforeEveryMethod -->
        <test-method status="PASS" signature="WebloginCarLoan(java.lang.String, java.lang.String)[pri:0, instance:test.day3@11161c7]" name="WebloginCarLoan" duration-ms="1" started-at="2018-10-20T09:29:56Z" finished-at="2018-10-20T09:29:56Z">
          <params>
            <param index="0">
              <value>
                <![CDATA[jeffartcarloan.com]]>
              </value>
            </param>
            <param index="1">
              <value>
                <![CDATA[123456]]>
              </value>
            </param>
          </params>
          <reporter-output>
          </reporter-output>
        </test-method> <!-- WebloginCarLoan -->
        <test-method status="PASS" signature="afterEveryMethod()[pri:0, instance:test.day3@11161c7]" name="afterEveryMethod" is-config="true" duration-ms="1" started-at="2018-10-20T09:29:56Z" finished-at="2018-10-20T09:29:56Z">
          <reporter-output>
          </reporter-output>
        </test-method> <!-- afterEveryMethod -->
        <test-method status="PASS" signature="afterClass()[pri:0, instance:test.day3@11161c7]" name="afterClass" is-config="true" duration-ms="0" started-at="2018-10-20T09:29:56Z" finished-at="2018-10-20T09:29:56Z">
          <reporter-output>
          </reporter-output>
        </test-method> <!-- afterClass -->
      </class> <!-- test.day3 -->
      <class name="test.day1">
        <test-method status="PASS" signature="afsuite()[pri:0, instance:test.day1@1604f19]" name="afsuite" is-config="true" duration-ms="0" started-at="2018-10-20T09:29:56Z" finished-at="2018-10-20T09:29:56Z">
          <reporter-output>
          </reporter-output>
        </test-method> <!-- afsuite -->
      </class> <!-- test.day1 -->
    </test> <!-- Car Loan -->
  </suite> <!-- Loan Department -->
</testng-results>
